MPASM 5.76               ADC_VALUE_PRINT.ASM   3-18-2018  21:17:41         PAGE  1


LOC  OBJECT CODE     LINE SOURCE TEXT
  VALUE

                      00001 ;Author: DarshanaAriyarathna || darshana.uop@gmail.com || +94774901245
Warning[205]: Found directive in column 1. (processor)
                      00002 processor       16f877a                 ;Initialize the processor
                      00003 #include        <p16f877a.inc>          ;Include library
                      00001         LIST
                      00002 
                      00003 ;==========================================================================
                      00004 ; Build date : Sep 19 2017
                      00005 ;  MPASM PIC16F877A processor include
                      00006 ; 
                      00007 ;  (c) Copyright 1999-2017 Microchip Technology, All rights reserved
                      00008 ;==========================================================================
                      00009 
                      00567         LIST
                      00004 
                      00005 
Warning[205]: Found directive in column 1. (org)
                      00006 org     0x00;
Warning[207]: Found label after column 1. (TIMER1)
  00000020            00007     TIMER1  EQU 0x20
Warning[207]: Found label after column 1. (TIMER2)
  00000021            00008     TIMER2  EQU 0x21
Warning[207]: Found label after column 1. (DISP)
  00000022            00009     DISP    EQU 0x22
                      00010     
Warning[207]: Found label after column 1. (K3)
  00000023            00011     K3      EQU 0x23
Warning[207]: Found label after column 1. (K2)
  00000024            00012     K2      EQU 0x24
Warning[207]: Found label after column 1. (K1)
  00000025            00013     K1      EQU 0x25
Warning[207]: Found label after column 1. (K0)
  00000026            00014     K0      EQU 0x26
                      00015 
Warning[207]: Found label after column 1. (HIGH_BIT_COPPY)
  00000027            00016     HIGH_BIT_COPPY      EQU 0x27
Warning[207]: Found label after column 1. (LOW_BIT_COPPY)
  00000028            00017     LOW_BIT_COPPY       EQU 0x28
Warning[207]: Found label after column 1. (NEWS)
  00000029            00018     NEWS    EQU 0x29
                      00019     
Warning[207]: Found label after column 1. (NORTH_H)
  0000002A            00020     NORTH_H EQU 0x2A
Warning[207]: Found label after column 1. (NORTH_L)
  0000002B            00021     NORTH_L EQU 0x2B
Warning[207]: Found label after column 1. (EAST_H)
  0000002C            00022     EAST_H  EQU 0x2C
Warning[207]: Found label after column 1. (EAST_L)
  0000002D            00023     EAST_L  EQU 0x2D
Warning[207]: Found label after column 1. (SOUTH_H)
  0000002E            00024     SOUTH_H EQU 0x2E
Warning[207]: Found label after column 1. (SOUTH_L)
  0000002F            00025     SOUTH_L EQU 0x2F
MPASM 5.76               ADC_VALUE_PRINT.ASM   3-18-2018  21:17:41         PAGE  2


LOC  OBJECT CODE     LINE SOURCE TEXT
  VALUE

Warning[207]: Found label after column 1. (WEST_H)
  00000030            00026     WEST_H  EQU 0x30
Warning[207]: Found label after column 1. (WEST_L)
  00000031            00027     WEST_L  EQU 0x31
                      00028   
Warning[207]: Found label after column 1. (NORTH_H_ZERO)
  00000032            00029     NORTH_H_ZERO EQU    0x32
Warning[207]: Found label after column 1. (NORTH_L_ZERO)
  00000033            00030     NORTH_L_ZERO EQU    0x33
Warning[207]: Found label after column 1. (EAST_H_ZERO)
  00000034            00031     EAST_H_ZERO  EQU    0x34
Warning[207]: Found label after column 1. (EAST_L_ZERO)
  00000035            00032     EAST_L_ZERO  EQU    0x35
Warning[207]: Found label after column 1. (SOUTH_H_ZERO)
  00000036            00033     SOUTH_H_ZERO EQU    0x36
Warning[207]: Found label after column 1. (SOUTH_L_ZERO)
  00000037            00034     SOUTH_L_ZERO EQU    0x37
Warning[207]: Found label after column 1. (WEST_H_ZERO)
  00000038            00035     WEST_H_ZERO  EQU    0x38
Warning[207]: Found label after column 1. (WEST_L_ZERO)
  00000039            00036     WEST_L_ZERO  EQU    0x39
                      00037     
                      00038     
Warning[203]: Found opcode in column 1. (GOTO)
0000   2???           00039 GOTO    Main
Warning[205]: Found directive in column 1. (org)
                      00040 org     0x04                        ;origin vector of interrupt
Warning[203]: Found opcode in column 1. (GOTO)
0004   2???           00041 GOTO    SET_ZERO
                      00042 
0005                  00043 Main:
0005   2???           00044     CALL    INITIALIZE_IC
0006   2???           00045     CALL    INITIALIZE_ADC
                      00046     
Warning[207]: Found label after column 1. (T)
0007                  00047    T
0007   2???           00048     CALL    INITIALIZE_LCD
0008   2???           00049     GOTO    GET_DATA
0009   2???           00050     CALL    WAIT
                      00051     
000A   2???           00052     GOTO    T
                      00053     
                      00054     ;______________________________________
Warning[207]: Found label after column 1. (SET_ZERO)
000B                  00055     SET_ZERO
000B   138B           00056         BCF         INTCON,7
000C   2???           00057         CALL        PRINT_SET_ZERO
000D   108B           00058         BCF         INTCON,1
000E   178B           00059         BSF         INTCON,7
000F   0009           00060     RETFIE
                      00061     
Warning[207]: Found label after column 1. (PRINT_SET_ZERO)
0010                  00062     PRINT_SET_ZERO
MPASM 5.76               ADC_VALUE_PRINT.ASM   3-18-2018  21:17:41         PAGE  3


LOC  OBJECT CODE     LINE SOURCE TEXT
  VALUE

0010   2???           00063         CALL    set_DDRAM_address_to_line2
0011   3053           00064         MOVLW   'S'
0012   2???           00065         CALL    PRINT_CHAR
0013   3045           00066         MOVLW   'E'
0014   2???           00067         CALL    PRINT_CHAR
0015   3054           00068         MOVLW   'T'
0016   2???           00069         CALL    PRINT_CHAR
0017   3020           00070         MOVLW   ' '
0018   2???           00071         CALL    PRINT_CHAR
0019   305A           00072         MOVLW   'Z'
001A   2???           00073         CALL    PRINT_CHAR
001B   3045           00074         MOVLW   'E'
001C   2???           00075         CALL    PRINT_CHAR
001D   3052           00076         MOVLW   'R'
001E   2???           00077         CALL    PRINT_CHAR
001F   304F           00078         MOVLW   'O'
0020   2???           00079         CALL    PRINT_CHAR
                      00080         
0021   2???           00081         CALL    GET_ZERO
0022   2???           00082         CALL    WAIT
0023   0008           00083         RETURN
                      00084     
Warning[207]: Found label after column 1. (GET_ZERO)
0024                  00085     GET_ZERO
0024   2???           00086         CALL    SET_ANALOG_CH0
0025   2???           00087         CALL    START_CONVERSON
Warning[207]: Found label after column 1. (LOOP_N)
0026                  00088         LOOP_N
0026   191F           00089         BTFSC   ADCON0,2
0027   2???           00090             GOTO    LOOP_N
0028   081E           00091                 MOVF    ADRESH,0
0029   00B2           00092                 MOVWF   NORTH_H_ZERO
002A   2???           00093             CALL        GO_BANK_1
Message[302]: Register in operand not in bank 0.  Ensure that bank bits are correct.
002B   081E           00094                 MOVF    ADRESL,0
002C   2???           00095             CALL        GO_BANK_0
002D   00B3           00096                 MOVWF   NORTH_L_ZERO
002E   302E           00097         MOVLW   '.'
002F   2???           00098         CALL    PRINT_CHAR
                      00099         ;-----------------------------
0030   2???           00100         CALL    SET_ANALOG_CH1
0031   2???           00101         CALL    START_CONVERSON
Warning[207]: Found label after column 1. (LOOP_E)
0032                  00102         LOOP_E
0032   191F           00103         BTFSC   ADCON0,2
0033   2???           00104             GOTO    LOOP_E
0034   081E           00105                 MOVF    ADRESH,0
0035   00B4           00106                 MOVWF   EAST_H_ZERO
0036   2???           00107             CALL        GO_BANK_1
Message[302]: Register in operand not in bank 0.  Ensure that bank bits are correct.
0037   081E           00108                 MOVF    ADRESL,0
0038   2???           00109             CALL        GO_BANK_0
0039   00B5           00110                 MOVWF   EAST_L_ZERO
MPASM 5.76               ADC_VALUE_PRINT.ASM   3-18-2018  21:17:41         PAGE  4


LOC  OBJECT CODE     LINE SOURCE TEXT
  VALUE

003A   302E           00111         MOVLW   '.'
003B   2???           00112         CALL    PRINT_CHAR
                      00113         ;-----------------------------
003C   2???           00114         CALL    SET_ANALOG_CH2
003D   2???           00115         CALL    START_CONVERSON
Warning[207]: Found label after column 1. (LOOP_S)
003E                  00116         LOOP_S
003E   191F           00117         BTFSC   ADCON0,2
003F   2???           00118             GOTO    LOOP_S
0040   081E           00119                 MOVF    ADRESH,0
0041   00B6           00120                 MOVWF   SOUTH_H_ZERO
0042   2???           00121             CALL        GO_BANK_1
Message[302]: Register in operand not in bank 0.  Ensure that bank bits are correct.
0043   081E           00122                 MOVF    ADRESL,0
0044   2???           00123             CALL        GO_BANK_0
0045   00B7           00124                 MOVWF   SOUTH_L_ZERO
0046   302E           00125         MOVLW   '.'
0047   2???           00126         CALL    PRINT_CHAR
                      00127         ;-----------------------------
0048   2???           00128         CALL    SET_ANALOG_CH4
0049   2???           00129         CALL    START_CONVERSON
Warning[207]: Found label after column 1. (LOOP_W)
004A                  00130         LOOP_W
004A   191F           00131         BTFSC   ADCON0,2
004B   2???           00132             GOTO    LOOP_W
004C   081E           00133                 MOVF    ADRESH,0
004D   00B8           00134                 MOVWF   WEST_H_ZERO
004E   2???           00135             CALL        GO_BANK_1
Message[302]: Register in operand not in bank 0.  Ensure that bank bits are correct.
004F   081E           00136                 MOVF    ADRESL,0
0050   2???           00137             CALL        GO_BANK_0
0051   00B9           00138                 MOVWF   WEST_L_ZERO
0052   302E           00139         MOVLW   '.'
0053   2???           00140         CALL    PRINT_CHAR
                      00141         ;-----------------------------
Warning[203]: Found opcode in column 1. (RETURN)
0054   0008           00142 RETURN
                      00143     
                      00144     
                      00145     ;______________________________________
                      00146     
Warning[207]: Found label after column 1. (GET_DATA)
0055                  00147     GET_DATA
0055   2???           00148         CALL    K_VALUES_TO_ZERO
0056   3001           00149         MOVLW   b'00000001'
0057   0229           00150         SUBWF   NEWS,0
                      00151         
0058   1903           00152         BTFSC   STATUS,2
0059   2???           00153                 GOTO    GET_SOUTH
                      00154         
005A   3002           00155                 MOVLW   b'00000010'
005B   0229           00156                 SUBWF   NEWS,0
005C   1903           00157                 BTFSC   STATUS,2
MPASM 5.76               ADC_VALUE_PRINT.ASM   3-18-2018  21:17:41         PAGE  5


LOC  OBJECT CODE     LINE SOURCE TEXT
  VALUE

005D   2???           00158                         GOTO    GET_EAST
                      00159                 
005E   3003           00160                         MOVLW   b'00000011'
005F   0229           00161                         SUBWF   NEWS,0
0060   1903           00162                         BTFSC   STATUS,2
0061   2???           00163                                 GOTO    GET_NORTH
0062   2???           00164                                 GOTO    GET_WEST
Warning[207]: Found label after column 1. (UP)
0063                  00165         UP
0063   2???           00166         CALL    PRINT_VALUE
0064   2???           00167         CALL    END_CONVERSON
0065   2???           00168         CALL    WAIT
0066   2???           00169         GOTO    T
0067   0008           00170     RETURN
                      00171     
Warning[207]: Found label after column 1. (NEWS_MIN_ONE)
0068                  00172     NEWS_MIN_ONE
0068   3001           00173         MOVLW   b'00000001'    
0069   02A9           00174         SUBWF   NEWS,1
006A   0008           00175     RETURN      
                      00176     
Warning[207]: Found label after column 1. (GET_NORTH)
006B                  00177     GET_NORTH
006B   2???           00178         CALL    NEWS_MIN_ONE
006C   2???           00179         CALL    SET_ANALOG_CH0
006D   2???           00180         CALL    WAIT
006E   2???           00181         CALL    START_CONVERSON
                      00182         
006F   2???           00183         CALL    PRINT_NORTH
                      00184         
0070   2???           00185             CALL        COPPY_VALUES_FROM_ADC
0071   2???           00186             GOTO        PROCESS_HIGH_VALUE
                      00187     ;RETURN
                      00188     
Warning[207]: Found label after column 1. (GET_EAST)
0072                  00189     GET_EAST
0072   2???           00190         CALL    NEWS_MIN_ONE
0073   2???           00191         CALL    SET_ANALOG_CH1
0074   2???           00192         CALL    WAIT
                      00193         
0075   2???           00194         CALL    START_CONVERSON
0076   2???           00195         CALL    PRINT_EAST
0077   2???           00196             CALL        COPPY_VALUES_FROM_ADC
0078   2???           00197             GOTO        PROCESS_HIGH_VALUE
                      00198         
                      00199     ;RETURN
                      00200     
Warning[207]: Found label after column 1. (GET_SOUTH)
0079                  00201     GET_SOUTH
0079   2???           00202         CALL    NEWS_MIN_ONE
007A   2???           00203         CALL    SET_ANALOG_CH2
007B   2???           00204         CALL    WAIT
                      00205         
MPASM 5.76               ADC_VALUE_PRINT.ASM   3-18-2018  21:17:41         PAGE  6


LOC  OBJECT CODE     LINE SOURCE TEXT
  VALUE

007C   2???           00206         CALL    START_CONVERSON
007D   2???           00207         CALL    PRINT_SOUTH
007E   2???           00208             CALL        COPPY_VALUES_FROM_ADC
007F   2???           00209             GOTO        PROCESS_HIGH_VALUE
                      00210     ;RETURN
                      00211     
Warning[207]: Found label after column 1. (GET_WEST)
0080                  00212     GET_WEST
0080   2???           00213         CALL    SET_ANALOG_CH4
0081   2???           00214         CALL    WAIT
0082   2???           00215         CALL    START_CONVERSON
                      00216         
0083   2???           00217         CALL    PRINT_WEST
0084   2???           00218             CALL        COPPY_VALUES_FROM_ADC
0085   3003           00219             MOVLW       d'3'
0086   00A9           00220             MOVWF       NEWS
0087   2???           00221             GOTO        PROCESS_HIGH_VALUE
                      00222     ;RETURN
                      00223     
Warning[207]: Found label after column 1. (COPPY_VALUES_FROM_ADC)
0088                  00224     COPPY_VALUES_FROM_ADC
0088   081E           00225         MOVF    ADRESH,0
0089   00A7           00226         MOVWF   HIGH_BIT_COPPY
                      00227         
008A   2???           00228         CALL    GO_BANK_1
Message[302]: Register in operand not in bank 0.  Ensure that bank bits are correct.
008B   081E           00229             MOVF        ADRESL,0
008C   2???           00230         CALL    GO_BANK_0
008D   00A8           00231         MOVWF   LOW_BIT_COPPY
                      00232         
008E   0008           00233     RETURN
                      00234     
                      00235     ;______________________________________
Warning[207]: Found label after column 1. (PROCESS_HIGH_VALUE)
008F                  00236     PROCESS_HIGH_VALUE
                      00237         
008F   3001           00238         MOVLW   b'00000001'
0090   0227           00239         SUBWF   HIGH_BIT_COPPY,0
0091   1903           00240         BTFSC   STATUS,2
0092   2???           00241                 GOTO    LIBRARY_ONE
0093   3002           00242                 MOVLW   b'00000010'
0094   0227           00243                 SUBWF   HIGH_BIT_COPPY,0
                      00244                 
0095   1903           00245                 BTFSC   STATUS,2
0096   2???           00246                         GOTO    LIBRARY_TWO
0097   3003           00247                         MOVLW   b'00000011'
0098   0227           00248                         SUBWF   HIGH_BIT_COPPY,0
                      00249                 
0099   1903           00250                         BTFSC   STATUS,2
009A   2???           00251                                 GOTO    LIBRARY_THREE
009B   2???           00252                                 GOTO    BEFORE_END
Warning[207]: Found label after column 1. (BEFORE_END)
009C                  00253         BEFORE_END
MPASM 5.76               ADC_VALUE_PRINT.ASM   3-18-2018  21:17:41         PAGE  7


LOC  OBJECT CODE     LINE SOURCE TEXT
  VALUE

                      00254         
009C   2???           00255         GOTO    PROCESS_LOWER_VALUE
                      00256 ;______________________________________
                      00257             
Warning[207]: Found label after column 1. (LIBRARY_ONE)
009D                  00258     LIBRARY_ONE
                      00259         ;256
009D   3006           00260         MOVLW   d'6'
009E   00A6           00261         MOVWF   K0
                      00262         
009F   3005           00263         MOVLW   d'5'
00A0   00A5           00264         MOVWF   K1
                      00265         
00A1   3002           00266         MOVLW   d'2'
00A2   00A4           00267         MOVWF   K2
                      00268         
00A3   2???           00269     GOTO    BEFORE_END
                      00270     ;______________________________
                      00271     
Warning[207]: Found label after column 1. (LIBRARY_TWO)
00A4                  00272     LIBRARY_TWO
                      00273         ;512
00A4   3002           00274         MOVLW   d'2'
00A5   00A6           00275         MOVWF   K0
                      00276         
00A6   3001           00277         MOVLW   d'1'
00A7   00A5           00278         MOVWF   K1
                      00279         
00A8   3005           00280         MOVLW   d'5'
00A9   00A4           00281         MOVWF   K2
                      00282         
00AA   2???           00283     GOTO    BEFORE_END
                      00284     ;______________________________
                      00285     
Warning[207]: Found label after column 1. (LIBRARY_THREE)
00AB                  00286     LIBRARY_THREE
                      00287         ;768
00AB   3008           00288         MOVLW   d'8'
00AC   00A6           00289         MOVWF   K0
                      00290         
00AD   3006           00291         MOVLW   d'6'
00AE   00A5           00292         MOVWF   K1
                      00293         
00AF   3007           00294         MOVLW   d'7'
00B0   00A4           00295         MOVWF   K2
                      00296         
00B1   2???           00297     GOTO    BEFORE_END
                      00298     
                      00299     ;______________________________
Warning[207]: Found label after column 1. (PROCESS_LOWER_VALUE)
00B2                  00300     PROCESS_LOWER_VALUE
                      00301     
00B2   2???           00302     GOTO    FIND_K2
MPASM 5.76               ADC_VALUE_PRINT.ASM   3-18-2018  21:17:41         PAGE  8


LOC  OBJECT CODE     LINE SOURCE TEXT
  VALUE

Warning[207]: Found label after column 1. (FIND_K2)
00B3                  00303     FIND_K2
00B3   3064           00304         MOVLW   d'100'
00B4   0228           00305         SUBWF   LOW_BIT_COPPY,0
00B5   1803           00306         BTFSC   STATUS,0
00B6   2???           00307             GOTO        CHECK_POIT_2    ;+ve
00B7   2???           00308             GOTO        FIND_K1         ;-ve
                      00309             
Warning[207]: Found label after column 1. (FIND_K1)
00B8                  00310     FIND_K1
00B8   300A           00311         MOVLW   d'10'
00B9   0228           00312         SUBWF   LOW_BIT_COPPY,0
00BA   1803           00313         BTFSC   STATUS,0
00BB   2???           00314             GOTO        CHECK_POIT_1    
00BC   2???           00315             GOTO        FIND_K0
                      00316             
Warning[207]: Found label after column 1. (FIND_K0)
00BD                  00317     FIND_K0
00BD   3001           00318         MOVLW   d'1'
00BE   0228           00319         SUBWF   LOW_BIT_COPPY,0
00BF   1803           00320         BTFSC   STATUS,0
00C0   2???           00321             GOTO        CHECK_POIT_0
00C1   2???           00322             GOTO        END_3
                      00323             
Warning[207]: Found label after column 1. (END_3)
00C2                  00324     END_3
00C2   2???           00325     GOTO    UP
                      00326     ;______________________________    
Warning[207]: Found label after column 1. (CHECK_POIT_2)
00C3                  00327     CHECK_POIT_2
00C3   00A8           00328         MOVWF   LOW_BIT_COPPY
00C4   2???           00329         CALL    K2_PLUS_ONE
00C5   2???           00330     GOTO    FIND_K2
                      00331     ;______________________________ 
Warning[207]: Found label after column 1. (CHECK_POIT_1)
00C6                  00332     CHECK_POIT_1
00C6   00A8           00333         MOVWF   LOW_BIT_COPPY
00C7   2???           00334         CALL    K1_PLUS_ONE
00C8   2???           00335     GOTO    FIND_K1
                      00336     ;______________________________ 
Warning[207]: Found label after column 1. (CHECK_POIT_0)
00C9                  00337     CHECK_POIT_0
00C9   00A8           00338         MOVWF   LOW_BIT_COPPY
00CA   2???           00339         CALL    K0_PLUS_ONE
00CB   2???           00340     GOTO    FIND_K0
                      00341     
                      00342     ;______________________________
Warning[207]: Found label after column 1. (K0_PLUS_ONE)
00CC                  00343     K0_PLUS_ONE
00CC   3001           00344         MOVLW   d'1'
00CD   07A6           00345         ADDWF   K0,1
00CE   300A           00346         MOVLW   d'10'
00CF   0226           00347         SUBWF   K0,0
MPASM 5.76               ADC_VALUE_PRINT.ASM   3-18-2018  21:17:41         PAGE  9


LOC  OBJECT CODE     LINE SOURCE TEXT
  VALUE

00D0   1883           00348         BTFSC   STATUS,1
00D1   2???           00349             GOTO    K0_MIN_TEN
00D2   2???           00350             GOTO    END_2
Warning[207]: Found label after column 1. (K0_MIN_TEN)
00D3                  00351             K0_MIN_TEN
00D3   300A           00352                 MOVLW   b'00001010'
00D4   02A6           00353                 SUBWF   K0,1
00D5   2???           00354                 GOTO    K1_PLUS_ONE
00D6   2???           00355                 GOTO    END_2
Warning[207]: Found label after column 1. (K1_PLUS_ONE)
00D7                  00356     K1_PLUS_ONE
00D7   3001           00357         MOVLW   d'1'
00D8   07A5           00358         ADDWF   K1,1
00D9   300A           00359         MOVLW   d'10'
00DA   0225           00360         SUBWF   K1,0
00DB   1883           00361         BTFSC   STATUS,1
00DC   2???           00362            GOTO    K1_MIN_TEN
00DD   2???           00363            GOTO    END_2
                      00364             
Warning[207]: Found label after column 1. (K1_MIN_TEN)
00DE                  00365             K1_MIN_TEN
00DE   300A           00366                 MOVLW   b'00001010'
00DF   02A5           00367                 SUBWF   K1,1
00E0   2???           00368                 GOTO    K2_PLUS_ONE
00E1   2???           00369                 GOTO    END_2
Warning[207]: Found label after column 1. (K2_PLUS_ONE)
00E2                  00370     K2_PLUS_ONE
00E2   3001           00371         MOVLW   d'1'
00E3   07A4           00372         ADDWF   K2,1
00E4   300A           00373         MOVLW   d'10'
00E5   0224           00374         SUBWF   K2,0
00E6   1883           00375         BTFSC   STATUS,1
00E7   2???           00376            GOTO    K2_MIN_TEN
00E8   2???           00377            GOTO    END_2
Warning[207]: Found label after column 1. (K2_MIN_TEN)
00E9                  00378             K2_MIN_TEN
00E9   300A           00379                 MOVLW   b'00001010'
00EA   02A4           00380                 SUBWF   K2,1
00EB   2???           00381                 GOTO    K3_PLUS_ONE
00EC   2???           00382                 GOTO    END_2
Warning[207]: Found label after column 1. (K3_PLUS_ONE)
00ED                  00383     K3_PLUS_ONE
00ED   3001           00384         MOVLW   d'1'
00EE   07A3           00385         ADDWF   K3,1
00EF   300A           00386         MOVLW   D'10'
00F0   0223           00387         SUBWF   K3,0
00F1   1883           00388         BTFSC   STATUS,1
00F2   2???           00389             GOTO    K3_MIN_TEN
00F3   2???           00390             GOTO    END_2           
Warning[207]: Found label after column 1. (K3_MIN_TEN)
00F4                  00391             K3_MIN_TEN
00F4   300A           00392                 MOVLW   b'00001010'
00F5   02A3           00393                 SUBWF   K3,1
MPASM 5.76               ADC_VALUE_PRINT.ASM   3-18-2018  21:17:41         PAGE 10


LOC  OBJECT CODE     LINE SOURCE TEXT
  VALUE

00F6   2???           00394                 GOTO    END_2
Warning[207]: Found label after column 1. (END_2)
00F7                  00395     END_2
00F7   0008           00396     RETURN
                      00397     ;______________________________
Warning[207]: Found label after column 1. (K_VALUES_TO_ZERO)
00F8                  00398     K_VALUES_TO_ZERO
00F8   3000           00399         MOVLW   b'00000000'
00F9   00A3           00400         MOVWF   K3
                      00401         
00FA   3000           00402         MOVLW   b'00000000'
00FB   00A4           00403         MOVWF   K2
                      00404         
00FC   3000           00405         MOVLW   b'00000000'
00FD   00A5           00406         MOVWF   K1
                      00407         
00FE   3000           00408         MOVLW   b'00000000'
00FF   00A6           00409         MOVWF   K0
0100   0008           00410     RETURN
                      00411     
                      00412     ;+++++++++++++++++++++++++++++++++++++++++++++++++++++++++++++++++++++++++++++++++++++++++++++++++++
                            ++++++++++++
                      00413 
                      00414     ;subroutings_for_INITIALIZE_ADC
                      00415     
Warning[207]: Found label after column 1. (INITIALIZE_ADC)
0101                  00416     INITIALIZE_ADC
0101   2???           00417     CALL    CONFIG_ADC_MODULE
0102   2???           00418     CALL    CONFIG_ADC_INTERUPT
0103   2???           00419     CALL    DELAY_50_MS             ;WAIT THE REQURED ACQUISITION TIME
0104   2???           00420     CALL    START_CONVERSON
0105   0008           00421     RETURN
                      00422     ;______________________________________
Warning[207]: Found label after column 1. (CONFIG_ADC_MODULE)
0106                  00423     CONFIG_ADC_MODULE
0106   2???           00424         CALL    INITIALIZE_ADC_SETTING
0107   2???           00425         CALL    ADC_ON
0108   0008           00426     RETURN
                      00427     ;______________________________________
Warning[207]: Found label after column 1. (INITIALIZE_ADC_SETTING)
0109                  00428     INITIALIZE_ADC_SETTING
0109   2???           00429         CALL    GO_BANK_0
010A   139F           00430             BCF ADCON0,7    ;CLOCK
010B   131F           00431             BCF ADCON0,6    ;CLOCK
010C   2???           00432         CALL    GO_BANK_1
Message[302]: Register in operand not in bank 0.  Ensure that bank bits are correct.
010D   131F           00433             BCF ADCON1,6    ;CLOCK
Message[302]: Register in operand not in bank 0.  Ensure that bank bits are correct.
010E   179F           00434             BSF ADCON1,7    ;RESULT_FORMAT
                      00435                             ;ADFM: A/D Result Format Select bit
                      00436                             ;1 = Right justified. Six (6) Most Significant bits of ADRESH are read as ?0
                            ?.
                      00437                             ;0 = Left justified. Six (6) Least Significant bits of ADRESL are read as ?0
MPASM 5.76               ADC_VALUE_PRINT.ASM   3-18-2018  21:17:41         PAGE 11


LOC  OBJECT CODE     LINE SOURCE TEXT
  VALUE

                            ?.
Message[302]: Register in operand not in bank 0.  Ensure that bank bits are correct.
010F   119F           00438             BCF ADCON1,3    
Message[302]: Register in operand not in bank 0.  Ensure that bank bits are correct.
0110   111F           00439             BCF ADCON1,2
Message[302]: Register in operand not in bank 0.  Ensure that bank bits are correct.
0111   149F           00440             BSF ADCON1,1
Message[302]: Register in operand not in bank 0.  Ensure that bank bits are correct.
0112   141F           00441             BSF ADCON1,0
                      00442             
0113   2???           00443         CALL    GO_BANK_0
0114   0008           00444     RETURN
                      00445     
Warning[207]: Found label after column 1. (SET_ANALOG_CH0)
0115                  00446     SET_ANALOG_CH0
0115   119F           00447             BCF  ADCON0,3
0116   121F           00448             BCF  ADCON0,4
0117   129F           00449             BCF  ADCON0,5  
0118   0008           00450     RETURN
                      00451     
Warning[207]: Found label after column 1. (SET_ANALOG_CH1)
0119                  00452     SET_ANALOG_CH1
0119   159F           00453             BSF  ADCON0,3
011A   121F           00454             BCF  ADCON0,4
011B   129F           00455             BCF  ADCON0,5 
011C   0008           00456     RETURN
                      00457     
Warning[207]: Found label after column 1. (SET_ANALOG_CH2)
011D                  00458     SET_ANALOG_CH2
011D   119F           00459             BCF  ADCON0,3
011E   161F           00460             BSF  ADCON0,4
011F   129F           00461             BCF  ADCON0,5 
0120   0008           00462     RETURN
                      00463     
Warning[207]: Found label after column 1. (SET_ANALOG_CH4)
0121                  00464     SET_ANALOG_CH4
0121   119F           00465             BCF  ADCON0,3
0122   121F           00466             BCF  ADCON0,4
0123   169F           00467             BSF  ADCON0,5 
0124   0008           00468     RETURN
                      00469     
                      00470     ;______________________________________
Warning[207]: Found label after column 1. (ADC_ON)
0125                  00471     ADC_ON
0125   2???           00472         CALL    GO_BANK_0
0126   141F           00473         BSF     ADCON0,0        
0127   0008           00474     RETURN
                      00475     
Warning[207]: Found label after column 1. (ADC_OFF)
0128                  00476     ADC_OFF
0128   2???           00477         CALL    GO_BANK_0
0129   101F           00478         BCF     ADCON0,0
012A   0008           00479     RETURN
MPASM 5.76               ADC_VALUE_PRINT.ASM   3-18-2018  21:17:41         PAGE 12


LOC  OBJECT CODE     LINE SOURCE TEXT
  VALUE

                      00480     ;______________________________________
Warning[207]: Found label after column 1. (CONFIG_ADC_INTERUPT)
012B                  00481     CONFIG_ADC_INTERUPT
012B   130C           00482         BCF     PIR1,6      ;ADIF(1=CONV CMPLTED,0=NOT COMPLETE)
Message[302]: Register in operand not in bank 0.  Ensure that bank bits are correct.
012C   170C           00483         BSF     PIE1,6      ;1 = Enables the A/D converter interrupt/0 = Disables the A/D converter inte
                            rrupt
012D   170B           00484         BSF     INTCON,6    ;1 = Enables all unmasked peripheral interrupts/0 = Disables all peripheral 
                            interrupts
012E   178B           00485         BSF     INTCON,7    ;1 = Enables all unmasked interrupts/0 = Disables all interrupts
                      00486         
012F   0008           00487     RETURN
                      00488     ;______________________________________
Warning[207]: Found label after column 1. (START_CONVERSON)
0130                  00489     START_CONVERSON
0130   2???           00490         CALL    GO_BANK_0
0131   151F           00491         BSF     ADCON0,2
0132   0008           00492     RETURN
                      00493     
Warning[207]: Found label after column 1. (END_CONVERSON)
0133                  00494     END_CONVERSON
0133   111F           00495         BCF     ADCON0,2
0134   0008           00496     RETURN
                      00497     ;+++++++++++++++++++++++++++++++++++++++++++++++++++++++++++++++++++++++++++++++++++++++++++++++++++
                            ++++++++++++
                      00498     ;subroutings_for_INITIALIZE_LCD
Warning[207]: Found label after column 1. (INITIALIZE_LCD)
0135                  00499     INITIALIZE_LCD
0135   2???           00500         CALL    instructionMode
0136   2???           00501         CALL    setFunctions
0137   2???           00502         CALL    setDisplayOnOff
0138   2???           00503         CALL    displayClear
0139   2???           00504         CALL    setEntryModule
013A   2???           00505         CALL    set_CGRAM_address
013B   2???           00506         CALL    set_DDRAM_address_to_line1
013C   0008           00507     RETURN
                      00508     ;______________________________________
                      00509     
Warning[207]: Found label after column 1. (instructionMode)
013D                  00510     instructionMode
013D   3000           00511             MOVLW   b'000'
013E   0087           00512             MOVWF   PORTC
013F   2???           00513             CALL    ENABLE_PULSE
0140   0008           00514     RETURN
                      00515     ;______________________________________
Warning[207]: Found label after column 1. (dataSendMode)
0141                  00516     dataSendMode
                      00517             ;MOVLW   b'11111111'
                      00518             ;MOVWF   PORTD
                      00519 
                      00520             ;MOVLW   b'00001'
                      00521             ;MOVWF   PORTC
0141   1407           00522             BSF     PORTC,0
MPASM 5.76               ADC_VALUE_PRINT.ASM   3-18-2018  21:17:41         PAGE 13


LOC  OBJECT CODE     LINE SOURCE TEXT
  VALUE

                      00523             ;CALL    ENABLE_PULSE
0142   0008           00524     RETURN
                      00525     ;______________________________________
                      00526     
Warning[207]: Found label after column 1. (setFunctions)
0143                  00527     setFunctions
0143   2???           00528         CALL    instructionMode
0144   0087           00529         MOVWF   PORTC
0145   3038           00530         MOVLW   b'00111000'
                      00531         ;+----------+-----------+-----------+-----------+-----------+-----------+-----------+-----------
                            +
                      00532         ;| bit7     | bit6      | bit5      | bit4      | bit3      | bit2      | bit1      | bit0      
                            |
                      00533         ;+----------+-----------+-----------+-----------+-----------+-----------+-----------+-----------
                            +
                      00534         ;|      0   |   0       |       1   |   1       |0=1 Line   |0=5x8 Dots |       x   |   x       
                            |
                      00535         ;|          |           |           |           |1=2 Line   |1=5x11 Dots|       x   |   x       
                            |
                      00536         ;+----------+-----------+-----------+-----------+-----------+-----------+-----------+-----------
                            +  
0146   0088           00537         MOVWF   PORTD
0147   2???           00538         CALL    ENABLE_PULSE
0148   0008           00539     RETURN
                      00540     ;______________________________________
Warning[207]: Found label after column 1. (setDisplayOnOff)
0149                  00541     setDisplayOnOff
0149   2???           00542         CALL    instructionMode
014A   300F           00543         MOVLW   b'00001111'
                      00544         ;+----------+-----------+-----------+-----------+-----------+-----------+-----------+-----------
                            +
                      00545         ;| bit7     | bit6      | bit5      | bit4      | bit3      | bit2      | bit1      | bit0      
                            |
                      00546         ;+----------+-----------+-----------+-----------+-----------+-----------+-----------+-----------
                            +
                      00547         ;|      0   |   0       |       0   |   0       |       1   |0=DispOff  |0=CurserOff|0=BlinkOff 
                            |
                      00548         ;|          |           |           |           |           |1=DispOn   |1=CurserOn |1=BlinkOn  
                            |
                      00549         ;+----------+-----------+-----------+-----------+-----------+-----------+-----------+-----------
                            +
014B   0088           00550         MOVWF   PORTD
014C   2???           00551         CALL    ENABLE_PULSE
014D   0008           00552     RETURN
                      00553     ;______________________________________
Warning[207]: Found label after column 1. (displayClear)
014E                  00554     displayClear
014E   2???           00555         CALL    instructionMode
014F   3001           00556         MOVLW   b'00000001'
                      00557         ;+----------+-----------+-----------+-----------+-----------+-----------+-----------+-----------
                            +
                      00558         ;| bit7     | bit6      | bit5      | bit4      | bit3      | bit2      | bit1      | bit0      
                            |
MPASM 5.76               ADC_VALUE_PRINT.ASM   3-18-2018  21:17:41         PAGE 14


LOC  OBJECT CODE     LINE SOURCE TEXT
  VALUE

                      00559         ;+----------+-----------+-----------+-----------+-----------+-----------+-----------+-----------
                            +
                      00560         ;|      0   |   0       |       0   |   0       |       0   |   0       |       0   |   1       
                            |
                      00561         ;|          |           |           |           |           |           |           |           
                            |
                      00562         ;+----------+-----------+-----------+-----------+-----------+-----------+-----------+-----------
                            +
0150   0088           00563         MOVWF   PORTD
0151   2???           00564         CALL    ENABLE_PULSE
0152   2???           00565         CALL    set_DDRAM_address_to_line1
0153   0008           00566     RETURN
                      00567     ;______________________________________
Warning[207]: Found label after column 1. (setEntryModule)
0154                  00568     setEntryModule
0154   2???           00569         CALL    instructionMode
0155   3006           00570         MOVLW   b'00000110'
                      00571         ;+----------+-----------+-----------+-----------+-----------+-----------+-----------+-----------
                            ----+
                      00572         ;| bit7     | bit6      | bit5      | bit4      | bit3      | bit2      | bit1      | bit0      
                                |
                      00573         ;+----------+-----------+-----------+-----------+-----------+-----------+-----------+-----------
                            ----+
                      00574         ;|      0   |   0       |       0   |   0       |       0   |   1       |0=Decrement|0=EntireShi
                            ft  |
                      00575         ;|          |           |           |           |           |           |   Mode    |   off     
                                |
                      00576         ;|          |           |           |           |           |           |1=Increment|1=EntireShi
                            f   |
                      00577         ;|          |           |           |           |           |           |   Mode    |   on      
                                |
                      00578         ;+----------+-----------+-----------+-----------+-----------+-----------+-----------+-----------
                            ----+
0156   0088           00579         MOVWF   PORTD
0157   2???           00580         CALL    ENABLE_PULSE
0158   0008           00581     RETURN
                      00582     
                      00583     ;______________________________________
Warning[207]: Found label after column 1. (set_CGRAM_address)
0159                  00584     set_CGRAM_address
0159   2???           00585         CALL    instructionMode
015A   3040           00586         MOVLW   b'01000000'     
                      00587         ;SET CGRAM ADDRESS
                      00588         ;+----------+-----------+-----------+-----------+-----------+-----------+-----------+-----------
                            +
                      00589         ;| bit7     | bit6      | bit5      |bit4       | bit3      | bit2      | bit1      | bit0      
                            |
                      00590         ;+----------+-----------+-----------+-----------+-----------+-----------+-----------+-----------
                            +
                      00591         ;|      0   |   1       |       AC5 |   AC4     |       AC3 |   AC2     |       AC1 |   AC0     
                            |
                      00592         ;+----------+-----------+-----------+-----------+-----------+-----------+-----------+-----------
                            +
MPASM 5.76               ADC_VALUE_PRINT.ASM   3-18-2018  21:17:41         PAGE 15


LOC  OBJECT CODE     LINE SOURCE TEXT
  VALUE

                      00593         
015B   0088           00594         MOVWF   PORTD
015C   2???           00595         CALL    ENABLE_PULSE
015D   0008           00596     RETURN
                      00597     
                      00598     ;______________________________________
Warning[207]: Found label after column 1. (set_DDRAM_address_to_line1)
015E                  00599     set_DDRAM_address_to_line1
015E   2???           00600         CALL    instructionMode
015F   3080           00601         MOVLW   b'10000000'     ;SET DDRAM ADDRESS
                      00602     
                      00603         ;+----------+-----------+-----------+-----------+-----------+-----------+-----------+-----------
                            +
                      00604         ;| bit7     | bit6      | bit5      | bit4      | bit3      | bit2      | bit1      | bit0      
                            |
                      00605         ;+----------+-----------+-----------+-----------+-----------+-----------+-----------+-----------
                            +
                      00606         ;|      1   |   AC6     |       AC5 |   AC4     |       AC3 |   AC2     |       AC1 |   AC0     
                            |
                      00607         ;+----------+-----------+-----------+-----------+-----------+-----------+-----------+-----------
                            +
                      00608             ;DDRAM ADDRESS 1ST Line:00H to 27H
                      00609             ;DDRAM ADDRESS 2ND Line:40H to 67H
                      00610 
0160   0088           00611         MOVWF   PORTD
0161   2???           00612         CALL    ENABLE_PULSE
0162   2???           00613         CALL    dataSendMode
0163   0008           00614     RETURN
                      00615     ;______________________________________
Warning[207]: Found label after column 1. (set_DDRAM_address_to_line2)
0164                  00616     set_DDRAM_address_to_line2
0164   2???           00617         CALL    instructionMode
0165   30C0           00618         MOVLW   b'11000000'
0166   0088           00619         MOVWF   PORTD
0167   2???           00620         CALL    ENABLE_PULSE
0168   2???           00621         CALL    dataSendMode
                      00622 
0169   0008           00623     RETURN
                      00624     ;+++++++++++++++++++++++++++++++++++++++++++++++++++++++++++++++++++++++++++++++++++++++++++++++++++
                            ++++++++++++
                      00625     ;subroutings_for_INITIALIZE_IC
Warning[207]: Found label after column 1. (INITIALIZE_IC)
016A                  00626     INITIALIZE_IC
016A   2???           00627         CALL    GO_BANK_1
016B   3000           00628             MOVLW   b'000'
Message[302]: Register in operand not in bank 0.  Ensure that bank bits are correct.
016C   0087           00629             MOVWF   TRISC
016D   3000           00630             MOVLW   b'00000000'
Message[302]: Register in operand not in bank 0.  Ensure that bank bits are correct.
016E   0088           00631             MOVWF   TRISD
016F   1406           00632             BSF     PORTB,0
0170   2???           00633         CALL    GO_BANK_0
0171   3000           00634             MOVLW   b'000'
MPASM 5.76               ADC_VALUE_PRINT.ASM   3-18-2018  21:17:41         PAGE 16


LOC  OBJECT CODE     LINE SOURCE TEXT
  VALUE

0172   0087           00635             MOVWF   PORTC
                      00636 
0173   3000           00637             MOVLW   b'00000000'
0174   0088           00638             MOVWF   PORTD
                      00639             
0175   2???           00640         CALL    IC_INTERRUPT_CONFIG
                      00641         ;MOVLW  d'3'
                      00642         ;MOVWF  NEWS
                      00643 
0176   0008           00644     RETURN
                      00645     
Warning[207]: Found label after column 1. (IC_INTERRUPT_CONFIG)
0177                  00646     IC_INTERRUPT_CONFIG
0177   2???           00647         CALL    GO_BANK_1           ;SWITCH TO BANK 1
                      00648            
Message[302]: Register in operand not in bank 0.  Ensure that bank bits are correct.
0178   1701           00649             bsf     OPTION_REG,6    ;Interrupt on rising edge of RB0/INT pin
0179   178B           00650             bsf     INTCON,7        ;Enable all unmasked interrupts
017A   160B           00651             bsf     INTCON,4        ;Enables the RB0/INT external interrupt
017B   2???           00652         CALL    GO_BANK_0
017C   0008           00653     RETURN
                      00654     
                      00655     ;_______________________________________
                      00656     
Warning[207]: Found label after column 1. (GO_BANK_0)
017D                  00657     GO_BANK_0
017D   1283           00658         BCF         STATUS,5
017E   1303           00659         BCF         STATUS,6
017F   0008           00660     RETURN
                      00661     
Warning[207]: Found label after column 1. (GO_BANK_1)
0180                  00662     GO_BANK_1
0180   1683           00663         BSF         STATUS,5
0181   1303           00664         BCF         STATUS,6
0182   0008           00665     RETURN
                      00666     
Warning[207]: Found label after column 1. (GO_BANK_2)
0183                  00667     GO_BANK_2
0183   1283           00668         BCF         STATUS,5
0184   1703           00669         BSF         STATUS,6
0185   0008           00670     RETURN
                      00671     
Warning[207]: Found label after column 1. (GO_BANK_3)
0186                  00672     GO_BANK_3
0186   1683           00673         BSF         STATUS,5
0187   1703           00674         BSF         STATUS,6
0188   0008           00675     RETURN
                      00676     
                      00677     ;+++++++++++++++++++++++++++++++++++++++++++++++++++++++++++++++++++++++++++++++++++++++++++++++++++
                            ++++++++++++
                      00678    
Warning[207]: Found label after column 1. (ENABLE_PULSE)
0189                  00679     ENABLE_PULSE
MPASM 5.76               ADC_VALUE_PRINT.ASM   3-18-2018  21:17:41         PAGE 17


LOC  OBJECT CODE     LINE SOURCE TEXT
  VALUE

0189   1507           00680         BSF         PORTC,2
018A   2???           00681         CALL    DELAY_50_MS
018B   1107           00682         BCF         PORTC,2
                      00683         ;CALL    DELAY_50_MS
018C   0008           00684     RETURN
                      00685     ;_______________________________________
Warning[207]: Found label after column 1. (DELAY_50_MS)
018D                  00686     DELAY_50_MS
018D   0BA0           00687         DECFSZ  TIMER1,1
018E   2???           00688         GOTO    DELAY_50_MS
                      00689         ;DECFSZ TIMER2,1
                      00690         ;GOTO   DELAY_50_MS
                      00691         ;MOVLW   b'11111111'
                      00692         ;movwf   TIMER1
018F   0008           00693     RETURN
                      00694     
                      00695     ;+++++++++++++++++++++++++++++++++++++++++++++++++++++++++++++++++++++++++++++++++++++++++++++++++++
                            ++++++++++++
                      00696     ;subroutings_for_PRINT_IN_LCD
Warning[207]: Found label after column 1. (writeOnDisp)
0190                  00697     writeOnDisp
0190   3052           00698         MOVLW   'R'
0191   2???           00699         CALL    PRINT_CHAR
0192   3055           00700         MOVLW   'U'
0193   2???           00701         CALL    PRINT_CHAR
0194   304E           00702         MOVLW   'N'
0195   2???           00703         CALL    PRINT_CHAR
                      00704         
0196   0008           00705     RETURN
                      00706     
Warning[207]: Found label after column 1. (PRINT_NORTH)
0197                  00707     PRINT_NORTH
0197   2???           00708         CALL    set_DDRAM_address_to_line1
0198   304E           00709         MOVLW   'N'
0199   2???           00710         CALL    PRINT_CHAR
019A   304F           00711         MOVLW   'O'
019B   2???           00712         CALL    PRINT_CHAR
019C   3052           00713         MOVLW   'R'
019D   2???           00714         CALL    PRINT_CHAR
019E   3054           00715         MOVLW   'T'
019F   2???           00716         CALL    PRINT_CHAR
01A0   3048           00717         MOVLW   'H'
01A1   2???           00718         CALL    PRINT_CHAR
01A2   303A           00719         MOVLW   ':'
01A3   2???           00720         CALL    PRINT_CHAR
                      00721         
01A4   0008           00722     RETURN
                      00723     
                      00724     
Warning[207]: Found label after column 1. (PRINT_EAST)
01A5                  00725     PRINT_EAST
01A5   2???           00726         CALL    set_DDRAM_address_to_line1
01A6   3045           00727         MOVLW   'E'
MPASM 5.76               ADC_VALUE_PRINT.ASM   3-18-2018  21:17:41         PAGE 18


LOC  OBJECT CODE     LINE SOURCE TEXT
  VALUE

01A7   2???           00728         CALL    PRINT_CHAR
01A8   3041           00729         MOVLW   'A'
01A9   2???           00730         CALL    PRINT_CHAR
01AA   3053           00731         MOVLW   'S'
01AB   2???           00732         CALL    PRINT_CHAR
01AC   3054           00733         MOVLW   'T'
01AD   2???           00734         CALL    PRINT_CHAR
01AE   3020           00735         MOVLW   ' '
01AF   2???           00736         CALL    PRINT_CHAR
01B0   303A           00737         MOVLW   ':'
01B1   2???           00738         CALL    PRINT_CHAR
                      00739         
01B2   0008           00740     RETURN
                      00741     
Warning[207]: Found label after column 1. (PRINT_SOUTH)
01B3                  00742     PRINT_SOUTH
01B3   2???           00743         CALL    set_DDRAM_address_to_line1
01B4   3053           00744         MOVLW   'S'
01B5   2???           00745         CALL    PRINT_CHAR
01B6   304F           00746         MOVLW   'O'
01B7   2???           00747         CALL    PRINT_CHAR
01B8   3055           00748         MOVLW   'U'
01B9   2???           00749         CALL    PRINT_CHAR
01BA   3054           00750         MOVLW   'T'
01BB   2???           00751         CALL    PRINT_CHAR
01BC   3048           00752         MOVLW   'H'
01BD   2???           00753         CALL    PRINT_CHAR
01BE   303A           00754         MOVLW   ':'
01BF   2???           00755         CALL    PRINT_CHAR
                      00756         
01C0   0008           00757     RETURN
                      00758     
Warning[207]: Found label after column 1. (PRINT_WEST)
01C1                  00759     PRINT_WEST
01C1   2???           00760         CALL    set_DDRAM_address_to_line1
01C2   3057           00761         MOVLW   'W'
01C3   2???           00762         CALL    PRINT_CHAR
01C4   3045           00763         MOVLW   'E'
01C5   2???           00764         CALL    PRINT_CHAR
01C6   3053           00765         MOVLW   'S'
01C7   2???           00766         CALL    PRINT_CHAR
01C8   3054           00767         MOVLW   'T'
01C9   2???           00768         CALL    PRINT_CHAR
01CA   3020           00769         MOVLW   ' '
01CB   2???           00770         CALL    PRINT_CHAR
01CC   303A           00771         MOVLW   ':'
01CD   2???           00772         CALL    PRINT_CHAR
                      00773         
01CE   0008           00774     RETURN
                      00775     
                      00776     
Warning[207]: Found label after column 1. (PRINT_VALUE)
01CF                  00777     PRINT_VALUE
MPASM 5.76               ADC_VALUE_PRINT.ASM   3-18-2018  21:17:41         PAGE 19


LOC  OBJECT CODE     LINE SOURCE TEXT
  VALUE

                      00778         ;CALL   displayClear
01CF   0823           00779         MOVF    K3,0
01D0   2???           00780         CALL    MAKE_LCD_NUMBER
01D1   2???           00781         CALL    PRINT_CHAR
                      00782         
01D2   0824           00783         MOVF    K2,0
01D3   2???           00784         CALL    MAKE_LCD_NUMBER
01D4   2???           00785         CALL    PRINT_CHAR
                      00786         
01D5   0825           00787         MOVF    K1,0
01D6   2???           00788         CALL    MAKE_LCD_NUMBER
01D7   2???           00789         CALL    PRINT_CHAR
                      00790         
01D8   0826           00791         MOVF    K0,0
01D9   2???           00792         CALL    MAKE_LCD_NUMBER
01DA   2???           00793         CALL    PRINT_CHAR
                      00794         
01DB   0008           00795     RETURN
                      00796     
Warning[207]: Found label after column 1. (MAKE_LCD_NUMBER)
01DC                  00797     MAKE_LCD_NUMBER
01DC   3E30           00798         ADDLW   b'00110000'
01DD   0008           00799     RETURN
                      00800     
Warning[207]: Found label after column 1. (PRINT_CHAR)
01DE                  00801     PRINT_CHAR
01DE   0088           00802         MOVWF  PORTD
01DF   2???           00803         CALL    ENABLE_PULSE
01E0   0008           00804     RETURN
                      00805     ;+++++++++++++++++++++++++++++++++++++++++++++++++++++++++++++++++++++++++++++++++++++++++++++++++++
                            ++++++++++++
Warning[207]: Found label after column 1. (WAIT)
01E1                  00806     WAIT
01E1   0BA0           00807         DECFSZ  TIMER1,1
01E2   2???           00808         GOTO    WAIT
01E3   0BA1           00809         DECFSZ  TIMER2,1
01E4   2???           00810         GOTO    WAIT
01E5   0008           00811     RETURN 
Warning[205]: Found directive in column 1. (END)
                      00812 END
MPASM 5.76               ADC_VALUE_PRINT.ASM   3-18-2018  21:17:41         PAGE 20


SYMBOL TABLE
  LABEL                             VALUE 

ACKDT                             00000005
ACKEN                             00000004
ACKSTAT                           00000006
ADCON0                            0000001F
ADCON1                            0000009F
ADCS0                             00000006
ADCS1                             00000007
ADCS2                             00000006
ADC_OFF                           00000128
ADC_ON                            00000125
ADDEN                             00000003
ADFM                              00000007
ADIE                              00000006
ADIF                              00000006
ADON                              00000000
ADRESH                            0000001E
ADRESL                            0000009E
BCLIE                             00000003
BCLIF                             00000003
BEFORE_END                        0000009C
BF                                00000000
BRGH                              00000002
C                                 00000000
C1INV                             00000004
C1OUT                             00000006
C2INV                             00000005
C2OUT                             00000007
CCP1CON                           00000017
CCP1IE                            00000002
CCP1IF                            00000002
CCP1M0                            00000000
CCP1M1                            00000001
CCP1M2                            00000002
CCP1M3                            00000003
CCP1X                             00000005
CCP1Y                             00000004
CCP2CON                           0000001D
CCP2IE                            00000000
CCP2IF                            00000000
CCP2M0                            00000000
CCP2M1                            00000001
CCP2M2                            00000002
CCP2M3                            00000003
CCP2X                             00000005
CCP2Y                             00000004
CCPR1                             00000015
CCPR1H                            00000016
CCPR1L                            00000015
CCPR2                             0000001B
CCPR2H                            0000001C
CCPR2L                            0000001B
CHECK_POIT_0                      000000C9
CHECK_POIT_1                      000000C6
MPASM 5.76               ADC_VALUE_PRINT.ASM   3-18-2018  21:17:41         PAGE 21


SYMBOL TABLE
  LABEL                             VALUE 

CHECK_POIT_2                      000000C3
CHS0                              00000003
CHS1                              00000004
CHS2                              00000005
CIS                               00000003
CKE                               00000006
CKP                               00000004
CM0                               00000000
CM1                               00000001
CM2                               00000002
CMCON                             0000009C
CMIE                              00000006
CMIF                              00000006
CONFIG_ADC_INTERUPT               0000012B
CONFIG_ADC_MODULE                 00000106
COPPY_VALUES_FROM_ADC             00000088
CREN                              00000004
CSRC                              00000007
CVR0                              00000000
CVR1                              00000001
CVR2                              00000002
CVR3                              00000003
CVRCON                            0000009D
CVREN                             00000007
CVROE                             00000006
CVRR                              00000005
D                                 00000005
DATA_ADDRESS                      00000005
DC                                00000001
DELAY_50_MS                       0000018D
DISP                              00000022
D_A                               00000005
D_NOT_A                           00000005
EAST_H                            0000002C
EAST_H_ZERO                       00000034
EAST_L                            0000002D
EAST_L_ZERO                       00000035
EEADR                             0000010D
EEADRH                            0000010F
EECON1                            0000018C
EECON2                            0000018D
EEDATA                            0000010C
EEDATH                            0000010E
EEIE                              00000004
EEIF                              00000004
EEPGD                             00000007
ENABLE_PULSE                      00000189
END_2                             000000F7
END_3                             000000C2
END_CONVERSON                     00000133
F                                 00000001
FERR                              00000002
FIND_K0                           000000BD
MPASM 5.76               ADC_VALUE_PRINT.ASM   3-18-2018  21:17:41         PAGE 22


SYMBOL TABLE
  LABEL                             VALUE 

FIND_K1                           000000B8
FIND_K2                           000000B3
FSR                               00000004
GCEN                              00000007
GET_DATA                          00000055
GET_EAST                          00000072
GET_NORTH                         0000006B
GET_SOUTH                         00000079
GET_WEST                          00000080
GET_ZERO                          00000024
GIE                               00000007
GO                                00000002
GO_BANK_0                         0000017D
GO_BANK_1                         00000180
GO_BANK_2                         00000183
GO_BANK_3                         00000186
GO_DONE                           00000002
GO_NOT_DONE                       00000002
HIGH_BIT_COPPY                    00000027
I2C_DATA                          00000005
I2C_READ                          00000002
I2C_START                         00000003
I2C_STOP                          00000004
IBF                               00000007
IBOV                              00000005
IC_INTERRUPT_CONFIG               00000177
INDF                              00000000
INITIALIZE_ADC                    00000101
INITIALIZE_ADC_SETTING            00000109
INITIALIZE_IC                     0000016A
INITIALIZE_LCD                    00000135
INTCON                            0000000B
INTE                              00000004
INTEDG                            00000006
INTF                              00000001
IRP                               00000007
K0                                00000026
K0_MIN_TEN                        000000D3
K0_PLUS_ONE                       000000CC
K1                                00000025
K1_MIN_TEN                        000000DE
K1_PLUS_ONE                       000000D7
K2                                00000024
K2_MIN_TEN                        000000E9
K2_PLUS_ONE                       000000E2
K3                                00000023
K3_MIN_TEN                        000000F4
K3_PLUS_ONE                       000000ED
K_VALUES_TO_ZERO                  000000F8
LIBRARY_ONE                       0000009D
LIBRARY_THREE                     000000AB
LIBRARY_TWO                       000000A4
LOOP_E                            00000032
MPASM 5.76               ADC_VALUE_PRINT.ASM   3-18-2018  21:17:41         PAGE 23


SYMBOL TABLE
  LABEL                             VALUE 

LOOP_N                            00000026
LOOP_S                            0000003E
LOOP_W                            0000004A
LOW_BIT_COPPY                     00000028
MAKE_LCD_NUMBER                   000001DC
Main                              00000005
NEWS                              00000029
NEWS_MIN_ONE                      00000068
NORTH_H                           0000002A
NORTH_H_ZERO                      00000032
NORTH_L                           0000002B
NORTH_L_ZERO                      00000033
NOT_A                             00000005
NOT_ADDRESS                       00000005
NOT_BO                            00000000
NOT_BOR                           00000000
NOT_DONE                          00000002
NOT_PD                            00000003
NOT_POR                           00000001
NOT_RBPU                          00000007
NOT_RC8                           00000006
NOT_T1SYNC                        00000002
NOT_TO                            00000004
NOT_TX8                           00000006
NOT_W                             00000002
NOT_WRITE                         00000002
OBF                               00000006
OERR                              00000001
OPTION_REG                        00000081
P                                 00000004
PCFG0                             00000000
PCFG1                             00000001
PCFG2                             00000002
PCFG3                             00000003
PCL                               00000002
PCLATH                            0000000A
PCON                              0000008E
PEIE                              00000006
PEN                               00000002
PIE1                              0000008C
PIE2                              0000008D
PIR1                              0000000C
PIR2                              0000000D
PORTA                             00000005
PORTB                             00000006
PORTC                             00000007
PORTD                             00000008
PORTE                             00000009
PR2                               00000092
PRINT_CHAR                        000001DE
PRINT_EAST                        000001A5
PRINT_NORTH                       00000197
PRINT_SET_ZERO                    00000010
MPASM 5.76               ADC_VALUE_PRINT.ASM   3-18-2018  21:17:41         PAGE 24


SYMBOL TABLE
  LABEL                             VALUE 

PRINT_SOUTH                       000001B3
PRINT_VALUE                       000001CF
PRINT_WEST                        000001C1
PROCESS_HIGH_VALUE                0000008F
PROCESS_LOWER_VALUE               000000B2
PS0                               00000000
PS1                               00000001
PS2                               00000002
PSA                               00000003
PSPIE                             00000007
PSPIF                             00000007
PSPMODE                           00000004
R                                 00000002
RA0                               00000000
RA1                               00000001
RA2                               00000002
RA3                               00000003
RA4                               00000004
RA5                               00000005
RB0                               00000000
RB1                               00000001
RB2                               00000002
RB3                               00000003
RB4                               00000004
RB5                               00000005
RB6                               00000006
RB7                               00000007
RBIE                              00000003
RBIF                              00000000
RC0                               00000000
RC1                               00000001
RC2                               00000002
RC3                               00000003
RC4                               00000004
RC5                               00000005
RC6                               00000006
RC7                               00000007
RC8_9                             00000006
RC9                               00000006
RCD8                              00000000
RCEN                              00000003
RCIE                              00000005
RCIF                              00000005
RCREG                             0000001A
RCSTA                             00000018
RD                                00000000
RD0                               00000000
RD1                               00000001
RD2                               00000002
RD3                               00000003
RD4                               00000004
RD5                               00000005
RD6                               00000006
MPASM 5.76               ADC_VALUE_PRINT.ASM   3-18-2018  21:17:41         PAGE 25


SYMBOL TABLE
  LABEL                             VALUE 

RD7                               00000007
RE0                               00000000
RE1                               00000001
RE2                               00000002
READ_WRITE                        00000002
RP0                               00000005
RP1                               00000006
RSEN                              00000001
RX9                               00000006
RX9D                              00000000
R_NOT_W                           00000002
R_W                               00000002
S                                 00000003
SEN                               00000000
SET_ANALOG_CH0                    00000115
SET_ANALOG_CH1                    00000119
SET_ANALOG_CH2                    0000011D
SET_ANALOG_CH4                    00000121
SET_ZERO                          0000000B
SMP                               00000007
SOUTH_H                           0000002E
SOUTH_H_ZERO                      00000036
SOUTH_L                           0000002F
SOUTH_L_ZERO                      00000037
SPBRG                             00000099
SPEN                              00000007
SREN                              00000005
SSPADD                            00000093
SSPBUF                            00000013
SSPCON                            00000014
SSPCON2                           00000091
SSPEN                             00000005
SSPIE                             00000003
SSPIF                             00000003
SSPM0                             00000000
SSPM1                             00000001
SSPM2                             00000002
SSPM3                             00000003
SSPOV                             00000006
SSPSTAT                           00000094
START_CONVERSON                   00000130
STATUS                            00000003
SYNC                              00000004
T                                 00000007
T0CS                              00000005
T0IE                              00000005
T0IF                              00000002
T0SE                              00000004
T1CKPS0                           00000004
T1CKPS1                           00000005
T1CON                             00000010
T1INSYNC                          00000002
T1OSCEN                           00000003
MPASM 5.76               ADC_VALUE_PRINT.ASM   3-18-2018  21:17:41         PAGE 26


SYMBOL TABLE
  LABEL                             VALUE 

T1SYNC                            00000002
T2CKPS0                           00000000
T2CKPS1                           00000001
T2CON                             00000012
TIMER1                            00000020
TIMER2                            00000021
TMR0                              00000001
TMR0IE                            00000005
TMR0IF                            00000002
TMR1                              0000000E
TMR1CS                            00000001
TMR1H                             0000000F
TMR1IE                            00000000
TMR1IF                            00000000
TMR1L                             0000000E
TMR1ON                            00000000
TMR2                              00000011
TMR2IE                            00000001
TMR2IF                            00000001
TMR2ON                            00000002
TOUTPS0                           00000003
TOUTPS1                           00000004
TOUTPS2                           00000005
TOUTPS3                           00000006
TRISA                             00000085
TRISA0                            00000000
TRISA1                            00000001
TRISA2                            00000002
TRISA3                            00000003
TRISA4                            00000004
TRISA5                            00000005
TRISB                             00000086
TRISB0                            00000000
TRISB1                            00000001
TRISB2                            00000002
TRISB3                            00000003
TRISB4                            00000004
TRISB5                            00000005
TRISB6                            00000006
TRISB7                            00000007
TRISC                             00000087
TRISC0                            00000000
TRISC1                            00000001
TRISC2                            00000002
TRISC3                            00000003
TRISC4                            00000004
TRISC5                            00000005
TRISC6                            00000006
TRISC7                            00000007
TRISD                             00000088
TRISD0                            00000000
TRISD1                            00000001
TRISD2                            00000002
MPASM 5.76               ADC_VALUE_PRINT.ASM   3-18-2018  21:17:41         PAGE 27


SYMBOL TABLE
  LABEL                             VALUE 

TRISD3                            00000003
TRISD4                            00000004
TRISD5                            00000005
TRISD6                            00000006
TRISD7                            00000007
TRISE                             00000089
TRISE0                            00000000
TRISE1                            00000001
TRISE2                            00000002
TRMT                              00000001
TX8_9                             00000006
TX9                               00000006
TX9D                              00000000
TXD8                              00000000
TXEN                              00000005
TXIE                              00000004
TXIF                              00000004
TXREG                             00000019
TXSTA                             00000098
UA                                00000001
UP                                00000063
W                                 00000000
WAIT                              000001E1
WCOL                              00000007
WEST_H                            00000030
WEST_H_ZERO                       00000038
WEST_L                            00000031
WEST_L_ZERO                       00000039
WR                                00000001
WREN                              00000002
WRERR                             00000003
Z                                 00000002
_BODEN_OFF                        00003FBF
_BODEN_ON                         00003FFF
_BOREN_OFF                        00003FBF
_BOREN_ON                         00003FFF
_CONFIG                           00002007
_CPD_OFF                          00003FFF
_CPD_ON                           00003EFF
_CP_ALL                           00001FFF
_CP_OFF                           00003FFF
_CP_ON                            00001FFF
_DEBUG_OFF                        00003FFF
_DEBUG_ON                         000037FF
_DEVID1                           00002006
_FOSC_EXTRC                       00003FFF
_FOSC_HS                          00003FFE
_FOSC_LP                          00003FFC
_FOSC_XT                          00003FFD
_HS_OSC                           00003FFE
_IDLOC0                           00002000
_IDLOC1                           00002001
_IDLOC2                           00002002
MPASM 5.76               ADC_VALUE_PRINT.ASM   3-18-2018  21:17:41         PAGE 28


SYMBOL TABLE
  LABEL                             VALUE 

_IDLOC3                           00002003
_LP_OSC                           00003FFC
_LVP_OFF                          00003F7F
_LVP_ON                           00003FFF
_PWRTE_OFF                        00003FFF
_PWRTE_ON                         00003FF7
_RC_OSC                           00003FFF
_WDTE_OFF                         00003FFB
_WDTE_ON                          00003FFF
_WDT_OFF                          00003FFB
_WDT_ON                           00003FFF
_WRT_1FOURTH                      00003BFF
_WRT_256                          00003DFF
_WRT_HALF                         000039FF
_WRT_OFF                          00003FFF
_XT_OSC                           00003FFD
__16F877A                         00000001
dataSendMode                      00000141
displayClear                      0000014E
instructionMode                   0000013D
setDisplayOnOff                   00000149
setEntryModule                    00000154
setFunctions                      00000143
set_CGRAM_address                 00000159
set_DDRAM_address_to_line1        0000015E
set_DDRAM_address_to_line2        00000164
writeOnDisp                       00000190

Errors   :     0
Warnings :   111 reported,     0 suppressed
Messages :    15 reported,     0 suppressed

