Warning[205] C:\USERS\ACER\MPLABXPROJECTS\ADC_VALUE_PRINT_PIC16F877A.X\ADC_VALUE_PRINT.ASM 2 : Found directive in column 1. (processor)
Warning[205] C:\USERS\ACER\MPLABXPROJECTS\ADC_VALUE_PRINT_PIC16F877A.X\ADC_VALUE_PRINT.ASM 6 : Found directive in column 1. (org)
Warning[207] C:\USERS\ACER\MPLABXPROJECTS\ADC_VALUE_PRINT_PIC16F877A.X\ADC_VALUE_PRINT.ASM 7 : Found label after column 1. (TIMER1)
Warning[207] C:\USERS\ACER\MPLABXPROJECTS\ADC_VALUE_PRINT_PIC16F877A.X\ADC_VALUE_PRINT.ASM 8 : Found label after column 1. (TIMER2)
Warning[207] C:\USERS\ACER\MPLABXPROJECTS\ADC_VALUE_PRINT_PIC16F877A.X\ADC_VALUE_PRINT.ASM 9 : Found label after column 1. (DISP)
Warning[207] C:\USERS\ACER\MPLABXPROJECTS\ADC_VALUE_PRINT_PIC16F877A.X\ADC_VALUE_PRINT.ASM 11 : Found label after column 1. (K3)
Warning[207] C:\USERS\ACER\MPLABXPROJECTS\ADC_VALUE_PRINT_PIC16F877A.X\ADC_VALUE_PRINT.ASM 12 : Found label after column 1. (K2)
Warning[207] C:\USERS\ACER\MPLABXPROJECTS\ADC_VALUE_PRINT_PIC16F877A.X\ADC_VALUE_PRINT.ASM 13 : Found label after column 1. (K1)
Warning[207] C:\USERS\ACER\MPLABXPROJECTS\ADC_VALUE_PRINT_PIC16F877A.X\ADC_VALUE_PRINT.ASM 14 : Found label after column 1. (K0)
Warning[207] C:\USERS\ACER\MPLABXPROJECTS\ADC_VALUE_PRINT_PIC16F877A.X\ADC_VALUE_PRINT.ASM 16 : Found label after column 1. (HIGH_BIT_COPPY)
Warning[207] C:\USERS\ACER\MPLABXPROJECTS\ADC_VALUE_PRINT_PIC16F877A.X\ADC_VALUE_PRINT.ASM 17 : Found label after column 1. (LOW_BIT_COPPY)
Warning[207] C:\USERS\ACER\MPLABXPROJECTS\ADC_VALUE_PRINT_PIC16F877A.X\ADC_VALUE_PRINT.ASM 18 : Found label after column 1. (NEWS)
Warning[207] C:\USERS\ACER\MPLABXPROJECTS\ADC_VALUE_PRINT_PIC16F877A.X\ADC_VALUE_PRINT.ASM 20 : Found label after column 1. (NORTH_H)
Warning[207] C:\USERS\ACER\MPLABXPROJECTS\ADC_VALUE_PRINT_PIC16F877A.X\ADC_VALUE_PRINT.ASM 21 : Found label after column 1. (NORTH_L)
Warning[207] C:\USERS\ACER\MPLABXPROJECTS\ADC_VALUE_PRINT_PIC16F877A.X\ADC_VALUE_PRINT.ASM 22 : Found label after column 1. (EAST_H)
Warning[207] C:\USERS\ACER\MPLABXPROJECTS\ADC_VALUE_PRINT_PIC16F877A.X\ADC_VALUE_PRINT.ASM 23 : Found label after column 1. (EAST_L)
Warning[207] C:\USERS\ACER\MPLABXPROJECTS\ADC_VALUE_PRINT_PIC16F877A.X\ADC_VALUE_PRINT.ASM 24 : Found label after column 1. (SOUTH_H)
Warning[207] C:\USERS\ACER\MPLABXPROJECTS\ADC_VALUE_PRINT_PIC16F877A.X\ADC_VALUE_PRINT.ASM 25 : Found label after column 1. (SOUTH_L)
Warning[207] C:\USERS\ACER\MPLABXPROJECTS\ADC_VALUE_PRINT_PIC16F877A.X\ADC_VALUE_PRINT.ASM 26 : Found label after column 1. (WEST_H)
Warning[207] C:\USERS\ACER\MPLABXPROJECTS\ADC_VALUE_PRINT_PIC16F877A.X\ADC_VALUE_PRINT.ASM 27 : Found label after column 1. (WEST_L)
Warning[207] C:\USERS\ACER\MPLABXPROJECTS\ADC_VALUE_PRINT_PIC16F877A.X\ADC_VALUE_PRINT.ASM 29 : Found label after column 1. (NORTH_H_ZERO)
Warning[207] C:\USERS\ACER\MPLABXPROJECTS\ADC_VALUE_PRINT_PIC16F877A.X\ADC_VALUE_PRINT.ASM 30 : Found label after column 1. (NORTH_L_ZERO)
Warning[207] C:\USERS\ACER\MPLABXPROJECTS\ADC_VALUE_PRINT_PIC16F877A.X\ADC_VALUE_PRINT.ASM 31 : Found label after column 1. (EAST_H_ZERO)
Warning[207] C:\USERS\ACER\MPLABXPROJECTS\ADC_VALUE_PRINT_PIC16F877A.X\ADC_VALUE_PRINT.ASM 32 : Found label after column 1. (EAST_L_ZERO)
Warning[207] C:\USERS\ACER\MPLABXPROJECTS\ADC_VALUE_PRINT_PIC16F877A.X\ADC_VALUE_PRINT.ASM 33 : Found label after column 1. (SOUTH_H_ZERO)
Warning[207] C:\USERS\ACER\MPLABXPROJECTS\ADC_VALUE_PRINT_PIC16F877A.X\ADC_VALUE_PRINT.ASM 34 : Found label after column 1. (SOUTH_L_ZERO)
Warning[207] C:\USERS\ACER\MPLABXPROJECTS\ADC_VALUE_PRINT_PIC16F877A.X\ADC_VALUE_PRINT.ASM 35 : Found label after column 1. (WEST_H_ZERO)
Warning[207] C:\USERS\ACER\MPLABXPROJECTS\ADC_VALUE_PRINT_PIC16F877A.X\ADC_VALUE_PRINT.ASM 36 : Found label after column 1. (WEST_L_ZERO)
Warning[203] C:\USERS\ACER\MPLABXPROJECTS\ADC_VALUE_PRINT_PIC16F877A.X\ADC_VALUE_PRINT.ASM 39 : Found opcode in column 1. (GOTO)
Warning[205] C:\USERS\ACER\MPLABXPROJECTS\ADC_VALUE_PRINT_PIC16F877A.X\ADC_VALUE_PRINT.ASM 40 : Found directive in column 1. (org)
Warning[203] C:\USERS\ACER\MPLABXPROJECTS\ADC_VALUE_PRINT_PIC16F877A.X\ADC_VALUE_PRINT.ASM 41 : Found opcode in column 1. (GOTO)
Warning[207] C:\USERS\ACER\MPLABXPROJECTS\ADC_VALUE_PRINT_PIC16F877A.X\ADC_VALUE_PRINT.ASM 47 : Found label after column 1. (T)
Warning[207] C:\USERS\ACER\MPLABXPROJECTS\ADC_VALUE_PRINT_PIC16F877A.X\ADC_VALUE_PRINT.ASM 55 : Found label after column 1. (SET_ZERO)
Warning[207] C:\USERS\ACER\MPLABXPROJECTS\ADC_VALUE_PRINT_PIC16F877A.X\ADC_VALUE_PRINT.ASM 62 : Found label after column 1. (PRINT_SET_ZERO)
Warning[207] C:\USERS\ACER\MPLABXPROJECTS\ADC_VALUE_PRINT_PIC16F877A.X\ADC_VALUE_PRINT.ASM 85 : Found label after column 1. (GET_ZERO)
Warning[207] C:\USERS\ACER\MPLABXPROJECTS\ADC_VALUE_PRINT_PIC16F877A.X\ADC_VALUE_PRINT.ASM 88 : Found label after column 1. (LOOP_N)
Message[302] C:\USERS\ACER\MPLABXPROJECTS\ADC_VALUE_PRINT_PIC16F877A.X\ADC_VALUE_PRINT.ASM 94 : Register in operand not in bank 0.  Ensure that bank bits are correct.
Warning[207] C:\USERS\ACER\MPLABXPROJECTS\ADC_VALUE_PRINT_PIC16F877A.X\ADC_VALUE_PRINT.ASM 102 : Found label after column 1. (LOOP_E)
Message[302] C:\USERS\ACER\MPLABXPROJECTS\ADC_VALUE_PRINT_PIC16F877A.X\ADC_VALUE_PRINT.ASM 108 : Register in operand not in bank 0.  Ensure that bank bits are correct.
Warning[207] C:\USERS\ACER\MPLABXPROJECTS\ADC_VALUE_PRINT_PIC16F877A.X\ADC_VALUE_PRINT.ASM 116 : Found label after column 1. (LOOP_S)
Message[302] C:\USERS\ACER\MPLABXPROJECTS\ADC_VALUE_PRINT_PIC16F877A.X\ADC_VALUE_PRINT.ASM 122 : Register in operand not in bank 0.  Ensure that bank bits are correct.
Warning[207] C:\USERS\ACER\MPLABXPROJECTS\ADC_VALUE_PRINT_PIC16F877A.X\ADC_VALUE_PRINT.ASM 130 : Found label after column 1. (LOOP_W)
Message[302] C:\USERS\ACER\MPLABXPROJECTS\ADC_VALUE_PRINT_PIC16F877A.X\ADC_VALUE_PRINT.ASM 136 : Register in operand not in bank 0.  Ensure that bank bits are correct.
Warning[203] C:\USERS\ACER\MPLABXPROJECTS\ADC_VALUE_PRINT_PIC16F877A.X\ADC_VALUE_PRINT.ASM 142 : Found opcode in column 1. (RETURN)
Warning[207] C:\USERS\ACER\MPLABXPROJECTS\ADC_VALUE_PRINT_PIC16F877A.X\ADC_VALUE_PRINT.ASM 147 : Found label after column 1. (GET_DATA)
Warning[207] C:\USERS\ACER\MPLABXPROJECTS\ADC_VALUE_PRINT_PIC16F877A.X\ADC_VALUE_PRINT.ASM 165 : Found label after column 1. (UP)
Warning[207] C:\USERS\ACER\MPLABXPROJECTS\ADC_VALUE_PRINT_PIC16F877A.X\ADC_VALUE_PRINT.ASM 172 : Found label after column 1. (NEWS_MIN_ONE)
Warning[207] C:\USERS\ACER\MPLABXPROJECTS\ADC_VALUE_PRINT_PIC16F877A.X\ADC_VALUE_PRINT.ASM 177 : Found label after column 1. (GET_NORTH)
Warning[207] C:\USERS\ACER\MPLABXPROJECTS\ADC_VALUE_PRINT_PIC16F877A.X\ADC_VALUE_PRINT.ASM 189 : Found label after column 1. (GET_EAST)
Warning[207] C:\USERS\ACER\MPLABXPROJECTS\ADC_VALUE_PRINT_PIC16F877A.X\ADC_VALUE_PRINT.ASM 201 : Found label after column 1. (GET_SOUTH)
Warning[207] C:\USERS\ACER\MPLABXPROJECTS\ADC_VALUE_PRINT_PIC16F877A.X\ADC_VALUE_PRINT.ASM 212 : Found label after column 1. (GET_WEST)
Warning[207] C:\USERS\ACER\MPLABXPROJECTS\ADC_VALUE_PRINT_PIC16F877A.X\ADC_VALUE_PRINT.ASM 224 : Found label after column 1. (COPPY_VALUES_FROM_ADC)
Message[302] C:\USERS\ACER\MPLABXPROJECTS\ADC_VALUE_PRINT_PIC16F877A.X\ADC_VALUE_PRINT.ASM 229 : Register in operand not in bank 0.  Ensure that bank bits are correct.
Warning[207] C:\USERS\ACER\MPLABXPROJECTS\ADC_VALUE_PRINT_PIC16F877A.X\ADC_VALUE_PRINT.ASM 236 : Found label after column 1. (PROCESS_HIGH_VALUE)
Warning[207] C:\USERS\ACER\MPLABXPROJECTS\ADC_VALUE_PRINT_PIC16F877A.X\ADC_VALUE_PRINT.ASM 253 : Found label after column 1. (BEFORE_END)
Warning[207] C:\USERS\ACER\MPLABXPROJECTS\ADC_VALUE_PRINT_PIC16F877A.X\ADC_VALUE_PRINT.ASM 258 : Found label after column 1. (LIBRARY_ONE)
Warning[207] C:\USERS\ACER\MPLABXPROJECTS\ADC_VALUE_PRINT_PIC16F877A.X\ADC_VALUE_PRINT.ASM 272 : Found label after column 1. (LIBRARY_TWO)
Warning[207] C:\USERS\ACER\MPLABXPROJECTS\ADC_VALUE_PRINT_PIC16F877A.X\ADC_VALUE_PRINT.ASM 286 : Found label after column 1. (LIBRARY_THREE)
Warning[207] C:\USERS\ACER\MPLABXPROJECTS\ADC_VALUE_PRINT_PIC16F877A.X\ADC_VALUE_PRINT.ASM 300 : Found label after column 1. (PROCESS_LOWER_VALUE)
Warning[207] C:\USERS\ACER\MPLABXPROJECTS\ADC_VALUE_PRINT_PIC16F877A.X\ADC_VALUE_PRINT.ASM 303 : Found label after column 1. (FIND_K2)
Warning[207] C:\USERS\ACER\MPLABXPROJECTS\ADC_VALUE_PRINT_PIC16F877A.X\ADC_VALUE_PRINT.ASM 310 : Found label after column 1. (FIND_K1)
Warning[207] C:\USERS\ACER\MPLABXPROJECTS\ADC_VALUE_PRINT_PIC16F877A.X\ADC_VALUE_PRINT.ASM 317 : Found label after column 1. (FIND_K0)
Warning[207] C:\USERS\ACER\MPLABXPROJECTS\ADC_VALUE_PRINT_PIC16F877A.X\ADC_VALUE_PRINT.ASM 324 : Found label after column 1. (END_3)
Warning[207] C:\USERS\ACER\MPLABXPROJECTS\ADC_VALUE_PRINT_PIC16F877A.X\ADC_VALUE_PRINT.ASM 327 : Found label after column 1. (CHECK_POIT_2)
Warning[207] C:\USERS\ACER\MPLABXPROJECTS\ADC_VALUE_PRINT_PIC16F877A.X\ADC_VALUE_PRINT.ASM 332 : Found label after column 1. (CHECK_POIT_1)
Warning[207] C:\USERS\ACER\MPLABXPROJECTS\ADC_VALUE_PRINT_PIC16F877A.X\ADC_VALUE_PRINT.ASM 337 : Found label after column 1. (CHECK_POIT_0)
Warning[207] C:\USERS\ACER\MPLABXPROJECTS\ADC_VALUE_PRINT_PIC16F877A.X\ADC_VALUE_PRINT.ASM 343 : Found label after column 1. (K0_PLUS_ONE)
Warning[207] C:\USERS\ACER\MPLABXPROJECTS\ADC_VALUE_PRINT_PIC16F877A.X\ADC_VALUE_PRINT.ASM 351 : Found label after column 1. (K0_MIN_TEN)
Warning[207] C:\USERS\ACER\MPLABXPROJECTS\ADC_VALUE_PRINT_PIC16F877A.X\ADC_VALUE_PRINT.ASM 356 : Found label after column 1. (K1_PLUS_ONE)
Warning[207] C:\USERS\ACER\MPLABXPROJECTS\ADC_VALUE_PRINT_PIC16F877A.X\ADC_VALUE_PRINT.ASM 365 : Found label after column 1. (K1_MIN_TEN)
Warning[207] C:\USERS\ACER\MPLABXPROJECTS\ADC_VALUE_PRINT_PIC16F877A.X\ADC_VALUE_PRINT.ASM 370 : Found label after column 1. (K2_PLUS_ONE)
Warning[207] C:\USERS\ACER\MPLABXPROJECTS\ADC_VALUE_PRINT_PIC16F877A.X\ADC_VALUE_PRINT.ASM 378 : Found label after column 1. (K2_MIN_TEN)
Warning[207] C:\USERS\ACER\MPLABXPROJECTS\ADC_VALUE_PRINT_PIC16F877A.X\ADC_VALUE_PRINT.ASM 383 : Found label after column 1. (K3_PLUS_ONE)
Warning[207] C:\USERS\ACER\MPLABXPROJECTS\ADC_VALUE_PRINT_PIC16F877A.X\ADC_VALUE_PRINT.ASM 391 : Found label after column 1. (K3_MIN_TEN)
Warning[207] C:\USERS\ACER\MPLABXPROJECTS\ADC_VALUE_PRINT_PIC16F877A.X\ADC_VALUE_PRINT.ASM 395 : Found label after column 1. (END_2)
Warning[207] C:\USERS\ACER\MPLABXPROJECTS\ADC_VALUE_PRINT_PIC16F877A.X\ADC_VALUE_PRINT.ASM 398 : Found label after column 1. (K_VALUES_TO_ZERO)
Warning[207] C:\USERS\ACER\MPLABXPROJECTS\ADC_VALUE_PRINT_PIC16F877A.X\ADC_VALUE_PRINT.ASM 416 : Found label after column 1. (INITIALIZE_ADC)
Warning[207] C:\USERS\ACER\MPLABXPROJECTS\ADC_VALUE_PRINT_PIC16F877A.X\ADC_VALUE_PRINT.ASM 423 : Found label after column 1. (CONFIG_ADC_MODULE)
Warning[207] C:\USERS\ACER\MPLABXPROJECTS\ADC_VALUE_PRINT_PIC16F877A.X\ADC_VALUE_PRINT.ASM 428 : Found label after column 1. (INITIALIZE_ADC_SETTING)
Message[302] C:\USERS\ACER\MPLABXPROJECTS\ADC_VALUE_PRINT_PIC16F877A.X\ADC_VALUE_PRINT.ASM 433 : Register in operand not in bank 0.  Ensure that bank bits are correct.
Message[302] C:\USERS\ACER\MPLABXPROJECTS\ADC_VALUE_PRINT_PIC16F877A.X\ADC_VALUE_PRINT.ASM 434 : Register in operand not in bank 0.  Ensure that bank bits are correct.
Message[302] C:\USERS\ACER\MPLABXPROJECTS\ADC_VALUE_PRINT_PIC16F877A.X\ADC_VALUE_PRINT.ASM 438 : Register in operand not in bank 0.  Ensure that bank bits are correct.
Message[302] C:\USERS\ACER\MPLABXPROJECTS\ADC_VALUE_PRINT_PIC16F877A.X\ADC_VALUE_PRINT.ASM 439 : Register in operand not in bank 0.  Ensure that bank bits are correct.
Message[302] C:\USERS\ACER\MPLABXPROJECTS\ADC_VALUE_PRINT_PIC16F877A.X\ADC_VALUE_PRINT.ASM 440 : Register in operand not in bank 0.  Ensure that bank bits are correct.
Message[302] C:\USERS\ACER\MPLABXPROJECTS\ADC_VALUE_PRINT_PIC16F877A.X\ADC_VALUE_PRINT.ASM 441 : Register in operand not in bank 0.  Ensure that bank bits are correct.
Warning[207] C:\USERS\ACER\MPLABXPROJECTS\ADC_VALUE_PRINT_PIC16F877A.X\ADC_VALUE_PRINT.ASM 446 : Found label after column 1. (SET_ANALOG_CH0)
Warning[207] C:\USERS\ACER\MPLABXPROJECTS\ADC_VALUE_PRINT_PIC16F877A.X\ADC_VALUE_PRINT.ASM 452 : Found label after column 1. (SET_ANALOG_CH1)
Warning[207] C:\USERS\ACER\MPLABXPROJECTS\ADC_VALUE_PRINT_PIC16F877A.X\ADC_VALUE_PRINT.ASM 458 : Found label after column 1. (SET_ANALOG_CH2)
Warning[207] C:\USERS\ACER\MPLABXPROJECTS\ADC_VALUE_PRINT_PIC16F877A.X\ADC_VALUE_PRINT.ASM 464 : Found label after column 1. (SET_ANALOG_CH4)
Warning[207] C:\USERS\ACER\MPLABXPROJECTS\ADC_VALUE_PRINT_PIC16F877A.X\ADC_VALUE_PRINT.ASM 471 : Found label after column 1. (ADC_ON)
Warning[207] C:\USERS\ACER\MPLABXPROJECTS\ADC_VALUE_PRINT_PIC16F877A.X\ADC_VALUE_PRINT.ASM 476 : Found label after column 1. (ADC_OFF)
Warning[207] C:\USERS\ACER\MPLABXPROJECTS\ADC_VALUE_PRINT_PIC16F877A.X\ADC_VALUE_PRINT.ASM 481 : Found label after column 1. (CONFIG_ADC_INTERUPT)
Message[302] C:\USERS\ACER\MPLABXPROJECTS\ADC_VALUE_PRINT_PIC16F877A.X\ADC_VALUE_PRINT.ASM 483 : Register in operand not in bank 0.  Ensure that bank bits are correct.
Warning[207] C:\USERS\ACER\MPLABXPROJECTS\ADC_VALUE_PRINT_PIC16F877A.X\ADC_VALUE_PRINT.ASM 489 : Found label after column 1. (START_CONVERSON)
Warning[207] C:\USERS\ACER\MPLABXPROJECTS\ADC_VALUE_PRINT_PIC16F877A.X\ADC_VALUE_PRINT.ASM 494 : Found label after column 1. (END_CONVERSON)
Warning[207] C:\USERS\ACER\MPLABXPROJECTS\ADC_VALUE_PRINT_PIC16F877A.X\ADC_VALUE_PRINT.ASM 499 : Found label after column 1. (INITIALIZE_LCD)
Warning[207] C:\USERS\ACER\MPLABXPROJECTS\ADC_VALUE_PRINT_PIC16F877A.X\ADC_VALUE_PRINT.ASM 510 : Found label after column 1. (instructionMode)
Warning[207] C:\USERS\ACER\MPLABXPROJECTS\ADC_VALUE_PRINT_PIC16F877A.X\ADC_VALUE_PRINT.ASM 516 : Found label after column 1. (dataSendMode)
Warning[207] C:\USERS\ACER\MPLABXPROJECTS\ADC_VALUE_PRINT_PIC16F877A.X\ADC_VALUE_PRINT.ASM 527 : Found label after column 1. (setFunctions)
Warning[207] C:\USERS\ACER\MPLABXPROJECTS\ADC_VALUE_PRINT_PIC16F877A.X\ADC_VALUE_PRINT.ASM 541 : Found label after column 1. (setDisplayOnOff)
Warning[207] C:\USERS\ACER\MPLABXPROJECTS\ADC_VALUE_PRINT_PIC16F877A.X\ADC_VALUE_PRINT.ASM 554 : Found label after column 1. (displayClear)
Warning[207] C:\USERS\ACER\MPLABXPROJECTS\ADC_VALUE_PRINT_PIC16F877A.X\ADC_VALUE_PRINT.ASM 568 : Found label after column 1. (setEntryModule)
Warning[207] C:\USERS\ACER\MPLABXPROJECTS\ADC_VALUE_PRINT_PIC16F877A.X\ADC_VALUE_PRINT.ASM 584 : Found label after column 1. (set_CGRAM_address)
Warning[207] C:\USERS\ACER\MPLABXPROJECTS\ADC_VALUE_PRINT_PIC16F877A.X\ADC_VALUE_PRINT.ASM 599 : Found label after column 1. (set_DDRAM_address_to_line1)
Warning[207] C:\USERS\ACER\MPLABXPROJECTS\ADC_VALUE_PRINT_PIC16F877A.X\ADC_VALUE_PRINT.ASM 616 : Found label after column 1. (set_DDRAM_address_to_line2)
Warning[207] C:\USERS\ACER\MPLABXPROJECTS\ADC_VALUE_PRINT_PIC16F877A.X\ADC_VALUE_PRINT.ASM 626 : Found label after column 1. (INITIALIZE_IC)
Message[302] C:\USERS\ACER\MPLABXPROJECTS\ADC_VALUE_PRINT_PIC16F877A.X\ADC_VALUE_PRINT.ASM 629 : Register in operand not in bank 0.  Ensure that bank bits are correct.
Message[302] C:\USERS\ACER\MPLABXPROJECTS\ADC_VALUE_PRINT_PIC16F877A.X\ADC_VALUE_PRINT.ASM 631 : Register in operand not in bank 0.  Ensure that bank bits are correct.
Warning[207] C:\USERS\ACER\MPLABXPROJECTS\ADC_VALUE_PRINT_PIC16F877A.X\ADC_VALUE_PRINT.ASM 646 : Found label after column 1. (IC_INTERRUPT_CONFIG)
Message[302] C:\USERS\ACER\MPLABXPROJECTS\ADC_VALUE_PRINT_PIC16F877A.X\ADC_VALUE_PRINT.ASM 649 : Register in operand not in bank 0.  Ensure that bank bits are correct.
Warning[207] C:\USERS\ACER\MPLABXPROJECTS\ADC_VALUE_PRINT_PIC16F877A.X\ADC_VALUE_PRINT.ASM 657 : Found label after column 1. (GO_BANK_0)
Warning[207] C:\USERS\ACER\MPLABXPROJECTS\ADC_VALUE_PRINT_PIC16F877A.X\ADC_VALUE_PRINT.ASM 662 : Found label after column 1. (GO_BANK_1)
Warning[207] C:\USERS\ACER\MPLABXPROJECTS\ADC_VALUE_PRINT_PIC16F877A.X\ADC_VALUE_PRINT.ASM 667 : Found label after column 1. (GO_BANK_2)
Warning[207] C:\USERS\ACER\MPLABXPROJECTS\ADC_VALUE_PRINT_PIC16F877A.X\ADC_VALUE_PRINT.ASM 672 : Found label after column 1. (GO_BANK_3)
Warning[207] C:\USERS\ACER\MPLABXPROJECTS\ADC_VALUE_PRINT_PIC16F877A.X\ADC_VALUE_PRINT.ASM 679 : Found label after column 1. (ENABLE_PULSE)
Warning[207] C:\USERS\ACER\MPLABXPROJECTS\ADC_VALUE_PRINT_PIC16F877A.X\ADC_VALUE_PRINT.ASM 686 : Found label after column 1. (DELAY_50_MS)
Warning[207] C:\USERS\ACER\MPLABXPROJECTS\ADC_VALUE_PRINT_PIC16F877A.X\ADC_VALUE_PRINT.ASM 697 : Found label after column 1. (writeOnDisp)
Warning[207] C:\USERS\ACER\MPLABXPROJECTS\ADC_VALUE_PRINT_PIC16F877A.X\ADC_VALUE_PRINT.ASM 707 : Found label after column 1. (PRINT_NORTH)
Warning[207] C:\USERS\ACER\MPLABXPROJECTS\ADC_VALUE_PRINT_PIC16F877A.X\ADC_VALUE_PRINT.ASM 725 : Found label after column 1. (PRINT_EAST)
Warning[207] C:\USERS\ACER\MPLABXPROJECTS\ADC_VALUE_PRINT_PIC16F877A.X\ADC_VALUE_PRINT.ASM 742 : Found label after column 1. (PRINT_SOUTH)
Warning[207] C:\USERS\ACER\MPLABXPROJECTS\ADC_VALUE_PRINT_PIC16F877A.X\ADC_VALUE_PRINT.ASM 759 : Found label after column 1. (PRINT_WEST)
Warning[207] C:\USERS\ACER\MPLABXPROJECTS\ADC_VALUE_PRINT_PIC16F877A.X\ADC_VALUE_PRINT.ASM 777 : Found label after column 1. (PRINT_VALUE)
Warning[207] C:\USERS\ACER\MPLABXPROJECTS\ADC_VALUE_PRINT_PIC16F877A.X\ADC_VALUE_PRINT.ASM 797 : Found label after column 1. (MAKE_LCD_NUMBER)
Warning[207] C:\USERS\ACER\MPLABXPROJECTS\ADC_VALUE_PRINT_PIC16F877A.X\ADC_VALUE_PRINT.ASM 801 : Found label after column 1. (PRINT_CHAR)
Warning[207] C:\USERS\ACER\MPLABXPROJECTS\ADC_VALUE_PRINT_PIC16F877A.X\ADC_VALUE_PRINT.ASM 806 : Found label after column 1. (WAIT)
Warning[205] C:\USERS\ACER\MPLABXPROJECTS\ADC_VALUE_PRINT_PIC16F877A.X\ADC_VALUE_PRINT.ASM 812 : Found directive in column 1. (END)
